<?xml version="1.0" encoding="UTF-8"?>
<!-- Generated by org.testng.reporters.JUnitReportReporter -->
<testsuite hostname="DESKTOP-N73IAD5" failures="0" tests="2" name="tests.LoginTest" time="45.109" errors="0" timestamp="2021-07-23T18:50:37 IST" skipped="0">
  <testcase classname="tests.LoginTest" name="login" time="17.864"/>
  <system-out/>
  <testcase classname="tests.LoginTest" name="login" time="27.245"/>
  <system-out/>
</testsuite> <!-- tests.LoginTest -->
